<?xml version="1.0" encoding="UTF-8"?>
<testsuite xmlns:xsi="http://www.w3.org/2001/XMLSchema-instance" xsi:noNamespaceSchemaLocation="https://maven.apache.org/surefire/maven-surefire-plugin/xsd/surefire-test-report-3.0.xsd" version="3.0" name="CurrencyConverter" time="0.04" tests="0" errors="0" skipped="0" failures="0">
  <properties>
    <property name="jpda.address" value="54017"/>
    <property name="java.specification.version" value="23"/>
    <property name="sun.cpu.isalist" value="amd64"/>
    <property name="sun.jnu.encoding" value="Cp1252"/>
    <property name="java.class.path" value="C:\Users\ANDRES VILLAMIZAR\Documents\conversor de moneda\CurrencyConverter\target\test-classes;C:\Users\ANDRES VILLAMIZAR\Documents\conversor de moneda\CurrencyConverter\target\classes;C:\Users\ANDRES VILLAMIZAR\.m2\repository\org\json\json\20250107\json-20250107.jar;"/>
    <property name="java.vm.vendor" value="Oracle Corporation"/>
    <property name="sun.arch.data.model" value="64"/>
    <property name="user.variant" value=""/>
    <property name="java.vendor.url" value="https://java.oracle.com/"/>
    <property name="user.timezone" value="America/Bogota"/>
    <property name="forkMode" value="once"/>
    <property name="os.name" value="Windows 11"/>
    <property name="java.vm.specification.version" value="23"/>
    <property name="user.country" value="CO"/>
    <property name="sun.java.launcher" value="SUN_STANDARD"/>
    <property name="sun.boot.library.path" value="C:\Users\ANDRES VILLAMIZAR\Documents\conversor de moneda\OpenJDK-23\bin"/>
    <property name="sun.java.command" value="C:\Users\ANDRES VILLAMIZAR\AppData\Local\Temp\surefire4382972898626482068\surefirebooter-20250121111200336_3.jar C:\Users\ANDRES VILLAMIZAR\AppData\Local\Temp\surefire4382972898626482068 2025-01-21T11-11-59_819-jvmRun1 surefire-20250121111200336_1tmp surefire_0-20250121111200336_2tmp"/>
    <property name="jdk.debug" value="release"/>
    <property name="test" value="CurrencyConverter"/>
    <property name="surefire.test.class.path" value="C:\Users\ANDRES VILLAMIZAR\Documents\conversor de moneda\CurrencyConverter\target\test-classes;C:\Users\ANDRES VILLAMIZAR\Documents\conversor de moneda\CurrencyConverter\target\classes;C:\Users\ANDRES VILLAMIZAR\.m2\repository\org\json\json\20250107\json-20250107.jar;"/>
    <property name="sun.cpu.endian" value="little"/>
    <property name="user.home" value="C:\Users\ANDRES VILLAMIZAR"/>
    <property name="user.language" value="es"/>
    <property name="java.specification.vendor" value="Oracle Corporation"/>
    <property name="java.version.date" value="2024-10-15"/>
    <property name="java.home" value="C:\Users\ANDRES VILLAMIZAR\Documents\conversor de moneda\OpenJDK-23"/>
    <property name="file.separator" value="\"/>
    <property name="basedir" value="C:\Users\ANDRES VILLAMIZAR\Documents\conversor de moneda\CurrencyConverter"/>
    <property name="java.vm.compressedOopsMode" value="32-bit"/>
    <property name="line.separator" value="&#10;"/>
    <property name="java.vm.specification.vendor" value="Oracle Corporation"/>
    <property name="java.specification.name" value="Java Platform API Specification"/>
    <property name="surefire.real.class.path" value="C:\Users\ANDRES VILLAMIZAR\AppData\Local\Temp\surefire4382972898626482068\surefirebooter-20250121111200336_3.jar"/>
    <property name="user.script" value=""/>
    <property name="sun.management.compiler" value="HotSpot 64-Bit Tiered Compilers"/>
    <property name="java.runtime.version" value="23.0.1+11-39"/>
    <property name="user.name" value="ANDRES VILLAMIZAR"/>
    <property name="stdout.encoding" value="Cp1252"/>
    <property name="path.separator" value=";"/>
    <property name="os.version" value="10.0"/>
    <property name="java.runtime.name" value="OpenJDK Runtime Environment"/>
    <property name="file.encoding" value="UTF-8"/>
    <property name="java.vm.name" value="OpenJDK 64-Bit Server VM"/>
    <property name="jpda.listen" value="true"/>
    <property name="maven.ext.class.path" value="C:\Users\ANDRES VILLAMIZAR\.vscode\extensions\oracle.oracle-java-23.0.1\nbcode\java\maven-nblib\netbeans-eventspy.jar"/>
    <property name="localRepository" value="C:\Users\ANDRES VILLAMIZAR\.m2\repository"/>
    <property name="java.vendor.url.bug" value="https://bugreport.java.com/bugreport/"/>
    <property name="java.io.tmpdir" value="C:\Users\ANDRES~1\AppData\Local\Temp\"/>
    <property name="java.version" value="23.0.1"/>
    <property name="user.dir" value="C:\Users\ANDRES VILLAMIZAR\Documents\conversor de moneda\CurrencyConverter"/>
    <property name="os.arch" value="amd64"/>
    <property name="java.vm.specification.name" value="Java Virtual Machine Specification"/>
    <property name="sun.os.patch.level" value=""/>
    <property name="native.encoding" value="Cp1252"/>
    <property name="java.library.path" value="C:\Users\ANDRES VILLAMIZAR\Documents\conversor de moneda\OpenJDK-23\bin;C:\WINDOWS\Sun\Java\bin;C:\WINDOWS\system32;C:\WINDOWS;C:\Program Files (x86)\Common Files\Oracle\Java\javapath;C:\WINDOWS\system32;C:\WINDOWS;C:\WINDOWS\System32\Wbem;C:\WINDOWS\System32\WindowsPowerShell\v1.0\;C:\WINDOWS\System32\OpenSSH\;C:\Program Files\MySQL\MySQL Shell 8.4\bin\;C:\Users\ANDRES VILLAMIZAR\AppData\Local\Microsoft\WindowsApps;C:\Users\ANDRES VILLAMIZAR\AppData\Local\Programs\Microsoft VS Code\bin;."/>
    <property name="java.vm.info" value="mixed mode, sharing"/>
    <property name="stderr.encoding" value="Cp1252"/>
    <property name="java.vendor" value="Oracle Corporation"/>
    <property name="java.vm.version" value="23.0.1+11-39"/>
    <property name="sun.io.unicode.encoding" value="UnicodeLittle"/>
    <property name="java.class.version" value="67.0"/>
    <property name="maven.surefire.debug" value="-agentlib:jdwp=transport=dt_socket,server=n,address=54017"/>
  </properties>
</testsuite>